<?xml version="1.0" encoding="UTF-8"?>
<!-- Generated by org.testng.reporters.JUnitXMLReporter -->
<testsuite ignored="0" hostname="LAPTOP-OOUPE9D7" failures="0" tests="3" name="Nopackage" time="138.96" errors="0" timestamp="2022-12-20T13:34:57 IST">
  <testcase classname="com.hrms.test.LoginTest" name="login" time="46.303"/>
  <testcase classname="com.hrms.test.RegisterEmployeeTest" name="registerEmployee" time="45.849"/>
  <testcase classname="com.hrms.test.DeleteEmployeeTest" name="registerEmployee" time="46.692"/>
</testsuite> <!-- Nopackage -->
