<?xml version="1.0" encoding="UTF-8"?>
<!-- Generated by org.testng.reporters.JUnitXMLReporter -->
<testsuite ignored="0" hostname="LAPTOP-OOUPE9D7" failures="0" tests="3" name="Nopackage" time="175.594" errors="0" timestamp="2022-12-19T18:49:40 IST">
  <testcase classname="com.hrms.test.LoginTest" name="login" time="23.18"/>
  <testcase classname="com.hrms.test.RegisterEmployeeTest" name="register" time="87.268"/>
  <testcase classname="com.hrms.test.DeleteEmployeeTest" name="delete" time="65.086"/>
</testsuite> <!-- Nopackage -->
