<?xml version="1.0" encoding="UTF-8"?>
<!-- Generated by org.testng.reporters.JUnitXMLReporter -->
<testsuite ignored="0" hostname="LAPTOP-OOUPE9D7" failures="0" tests="3" name="Nopackage" time="162.302" errors="0" timestamp="2022-12-19T17:51:50 IST">
  <testcase classname="com.hrms.test.LoginTest" name="login" time="27.412"/>
  <testcase classname="com.hrms.test.RegisterEmployeeTest" name="register" time="91.697"/>
  <testcase classname="com.hrms.test.DeleteEmployeeTest" name="delete" time="43.135"/>
</testsuite> <!-- Nopackage -->
