<?xml version="1.0" encoding="UTF-8"?>
<testng-results ignored="0" total="3" passed="3" failed="0" skipped="0">
  <reporter-output>
    <line>
      <![CDATA[Opening HRMS Porta]]>
    </line>
    <line>
      <![CDATA[Loging into HRMS Portal]]>
    </line>
    <line>
      <![CDATA[logout  HRMS Portal]]>
    </line>
    <line>
      <![CDATA[Closing web browser.]]>
    </line>
    <line>
      <![CDATA[Opening HRMS Porta]]>
    </line>
    <line>
      <![CDATA[Loging into HRMS Portal]]>
    </line>
    <line>
      <![CDATA[opening Frame]]>
    </line>
    <line>
      <![CDATA[Register employee]]>
    </line>
    <line>
      <![CDATA[Click onBack button]]>
    </line>
    <line>
      <![CDATA[closing Frame]]>
    </line>
    <line>
      <![CDATA[Closing web browser.]]>
    </line>
    <line>
      <![CDATA[Opening HRMS Porta]]>
    </line>
    <line>
      <![CDATA[OrangeHRM - New Level of HR Management]]>
    </line>
    <line>
      <![CDATA[Loging into HRMS Portal]]>
    </line>
    <line>
      <![CDATA[opening Frame]]>
    </line>
    <line>
      <![CDATA[Search by empid]]>
    </line>
    <line>
      <![CDATA[Search for employee]]>
    </line>
    <line>
      <![CDATA[click on Search for employee]]>
    </line>
    <line>
      <![CDATA[closing Frame]]>
    </line>
    <line>
      <![CDATA[Closing web browser.]]>
    </line>
  </reporter-output>
  <suite started-at="2022-12-19T18:46:45 IST" name="Suite1" finished-at="2022-12-19T18:49:40 IST" duration-ms="175594">
    <groups>
    </groups>
    <test started-at="2022-12-19T18:46:45 IST" name="Nopackage" finished-at="2022-12-19T18:49:40 IST" duration-ms="175594">
      <class name="com.hrms.test.DeleteEmployeeTest">
        <test-method signature="delete()[pri:0, instance:com.hrms.test.DeleteEmployeeTest@5d534f5d]" started-at="2022-12-19T18:48:35 IST" name="delete" finished-at="2022-12-19T18:49:40 IST" duration-ms="65086" status="PASS">
          <reporter-output>
            <line>
              <![CDATA[Opening HRMS Porta]]>
            </line>
            <line>
              <![CDATA[OrangeHRM - New Level of HR Management]]>
            </line>
            <line>
              <![CDATA[Loging into HRMS Portal]]>
            </line>
            <line>
              <![CDATA[opening Frame]]>
            </line>
            <line>
              <![CDATA[Search by empid]]>
            </line>
            <line>
              <![CDATA[Search for employee]]>
            </line>
            <line>
              <![CDATA[click on Search for employee]]>
            </line>
            <line>
              <![CDATA[closing Frame]]>
            </line>
            <line>
              <![CDATA[Closing web browser.]]>
            </line>
          </reporter-output>
        </test-method> <!-- delete -->
      </class> <!-- com.hrms.test.DeleteEmployeeTest -->
      <class name="com.hrms.test.RegisterEmployeeTest">
        <test-method signature="register()[pri:0, instance:com.hrms.test.RegisterEmployeeTest@576d5deb]" started-at="2022-12-19T18:47:08 IST" name="register" finished-at="2022-12-19T18:48:35 IST" duration-ms="87268" status="PASS">
          <reporter-output>
            <line>
              <![CDATA[Opening HRMS Porta]]>
            </line>
            <line>
              <![CDATA[Loging into HRMS Portal]]>
            </line>
            <line>
              <![CDATA[opening Frame]]>
            </line>
            <line>
              <![CDATA[Register employee]]>
            </line>
            <line>
              <![CDATA[Click onBack button]]>
            </line>
            <line>
              <![CDATA[closing Frame]]>
            </line>
            <line>
              <![CDATA[Closing web browser.]]>
            </line>
          </reporter-output>
        </test-method> <!-- register -->
      </class> <!-- com.hrms.test.RegisterEmployeeTest -->
      <class name="com.hrms.test.LoginTest">
        <test-method signature="login()[pri:0, instance:com.hrms.test.LoginTest@7d4f9aae]" started-at="2022-12-19T18:46:45 IST" name="login" finished-at="2022-12-19T18:47:08 IST" duration-ms="23180" status="PASS">
          <reporter-output>
            <line>
              <![CDATA[Opening HRMS Porta]]>
            </line>
            <line>
              <![CDATA[Loging into HRMS Portal]]>
            </line>
            <line>
              <![CDATA[logout  HRMS Portal]]>
            </line>
            <line>
              <![CDATA[Closing web browser.]]>
            </line>
          </reporter-output>
        </test-method> <!-- login -->
      </class> <!-- com.hrms.test.LoginTest -->
    </test> <!-- Nopackage -->
  </suite> <!-- Suite1 -->
</testng-results>
