<?xml version="1.0" encoding="UTF-8"?>
<testng-results ignored="0" total="3" passed="3" failed="0" skipped="0">
  <reporter-output>
    <line>
      <![CDATA[closing Frame]]>
    </line>
    <line>
      <![CDATA[closing Frame]]>
    </line>
  </reporter-output>
  <suite started-at="2022-12-20T13:32:38 IST" name="Suite1" finished-at="2022-12-20T13:34:57 IST" duration-ms="138960">
    <groups>
    </groups>
    <test started-at="2022-12-20T13:32:38 IST" name="Nopackage" finished-at="2022-12-20T13:34:57 IST" duration-ms="138960">
      <class name="com.hrms.test.DeleteEmployeeTest">
        <test-method signature="registerEmployee()[pri:0, instance:com.hrms.test.DeleteEmployeeTest@576d5deb]" started-at="2022-12-20T13:34:11 IST" name="registerEmployee" finished-at="2022-12-20T13:34:57 IST" duration-ms="46692" status="PASS">
          <reporter-output>
            <line>
              <![CDATA[closing Frame]]>
            </line>
          </reporter-output>
        </test-method> <!-- registerEmployee -->
      </class> <!-- com.hrms.test.DeleteEmployeeTest -->
      <class name="com.hrms.test.RegisterEmployeeTest">
        <test-method signature="registerEmployee()[pri:0, instance:com.hrms.test.RegisterEmployeeTest@5e600dd5]" started-at="2022-12-20T13:33:25 IST" name="registerEmployee" finished-at="2022-12-20T13:34:11 IST" duration-ms="45849" status="PASS">
          <reporter-output>
            <line>
              <![CDATA[closing Frame]]>
            </line>
          </reporter-output>
        </test-method> <!-- registerEmployee -->
      </class> <!-- com.hrms.test.RegisterEmployeeTest -->
      <class name="com.hrms.test.LoginTest">
        <test-method signature="login()[pri:0, instance:com.hrms.test.LoginTest@506ae4d4]" started-at="2022-12-20T13:32:38 IST" name="login" finished-at="2022-12-20T13:33:25 IST" duration-ms="46303" status="PASS">
          <reporter-output>
          </reporter-output>
        </test-method> <!-- login -->
      </class> <!-- com.hrms.test.LoginTest -->
    </test> <!-- Nopackage -->
  </suite> <!-- Suite1 -->
</testng-results>
