<?xml version="1.0" encoding="UTF-8"?>
<testng-results ignored="0" total="1" passed="1" failed="0" skipped="0">
  <reporter-output>
  </reporter-output>
  <suite started-at="2022-12-18T18:35:36 IST" name="Default suite" finished-at="2022-12-18T18:36:00 IST" duration-ms="23957">
    <groups>
    </groups>
    <test started-at="2022-12-18T18:35:36 IST" name="Default test" finished-at="2022-12-18T18:36:00 IST" duration-ms="23957">
      <class name="com.hrms.test.LoginTest">
        <test-method signature="Login()[pri:0, instance:com.hrms.test.LoginTest@4efac082]" started-at="2022-12-18T18:35:37 IST" name="Login" finished-at="2022-12-18T18:36:00 IST" duration-ms="23888" status="PASS">
          <reporter-output>
          </reporter-output>
        </test-method> <!-- Login -->
      </class> <!-- com.hrms.test.LoginTest -->
    </test> <!-- Default test -->
  </suite> <!-- Default suite -->
</testng-results>
