<?xml version="1.0" encoding="UTF-8"?>
<testng-results ignored="0" total="2" passed="2" failed="0" skipped="0">
  <reporter-output>
    <line>
      <![CDATA[Login application................]]>
    </line>
    <line>
      <![CDATA[Logout completed...............]]>
    </line>
  </reporter-output>
  <suite started-at="2022-12-18T17:59:30 IST" name="Default suite" finished-at="2022-12-18T17:59:46 IST" duration-ms="15814">
    <groups>
    </groups>
    <test started-at="2022-12-18T17:59:30 IST" name="Default test" finished-at="2022-12-18T17:59:46 IST" duration-ms="15814">
      <class name="com.nt.testng.Excel_TestNGTest">
        <test-method is-config="true" signature="startHRMSPortal()[pri:0, instance:com.nt.testng.Excel_TestNGTest@46cdf8bd]" started-at="2022-12-18T17:59:30 IST" name="startHRMSPortal" finished-at="2022-12-18T17:59:34 IST" duration-ms="3458" status="PASS">
          <reporter-output>
          </reporter-output>
        </test-method> <!-- startHRMSPortal -->
        <test-method signature="login()[pri:1, instance:com.nt.testng.Excel_TestNGTest@46cdf8bd]" started-at="2022-12-18T17:59:34 IST" name="login" finished-at="2022-12-18T17:59:41 IST" duration-ms="6920" status="PASS">
          <reporter-output>
            <line>
              <![CDATA[Login application................]]>
            </line>
          </reporter-output>
        </test-method> <!-- login -->
        <test-method signature="logout()[pri:2, instance:com.nt.testng.Excel_TestNGTest@46cdf8bd]" started-at="2022-12-18T17:59:41 IST" name="logout" finished-at="2022-12-18T17:59:46 IST" duration-ms="5100" status="PASS">
          <reporter-output>
            <line>
              <![CDATA[Logout completed...............]]>
            </line>
          </reporter-output>
        </test-method> <!-- logout -->
        <test-method is-config="true" signature="closeHRMSPortal()[pri:0, instance:com.nt.testng.Excel_TestNGTest@46cdf8bd]" started-at="2022-12-18T17:59:46 IST" name="closeHRMSPortal" finished-at="2022-12-18T17:59:46 IST" duration-ms="212" status="PASS">
          <reporter-output>
          </reporter-output>
        </test-method> <!-- closeHRMSPortal -->
      </class> <!-- com.nt.testng.Excel_TestNGTest -->
    </test> <!-- Default test -->
  </suite> <!-- Default suite -->
</testng-results>
