<?xml version="1.0" encoding="UTF-8"?>
<!-- Generated by org.testng.reporters.JUnitXMLReporter -->
<testsuite ignored="0" hostname="LAPTOP-OOUPE9D7" failures="0" tests="3" name="Nopackage" time="187.189" errors="0" timestamp="2022-12-18T19:30:58 IST">
  <testcase classname="com.hrms.test.LoginTest" name="login" time="24.407"/>
  <testcase classname="com.hrms.test.RegisterEmployeeTest" name="register" time="72.144"/>
  <testcase classname="com.hrms.test.DeleteEmployeeTest" name="delete" time="90.513"/>
</testsuite> <!-- Nopackage -->
